<?xml version="1.0" encoding="UTF-8"?>
<testng-results ignored="0" total="2" passed="2" failed="0" skipped="0">
  <reporter-output>
  </reporter-output>
  <suite started-at="2023-08-25T11:59:14 IST" name="Default suite" finished-at="2023-08-25T11:59:38 IST" duration-ms="23929">
    <groups>
    </groups>
    <test started-at="2023-08-25T11:59:14 IST" name="Default test" finished-at="2023-08-25T11:59:38 IST" duration-ms="23929">
      <class name="scs.ManageOperation">
        <test-method is-config="true" signature="setup()[pri:0, instance:scs.ManageOperation@3c7f66c4]" started-at="2023-08-25T11:59:14 IST" name="setup" finished-at="2023-08-25T11:59:33 IST" duration-ms="19161" status="PASS">
          <reporter-output>
          </reporter-output>
        </test-method> <!-- setup -->
        <test-method signature="navigate_to_homepage_click_on_getstarted()[pri:1, instance:scs.ManageOperation@3c7f66c4]" started-at="2023-08-25T11:59:33 IST" name="navigate_to_homepage_click_on_getstarted" finished-at="2023-08-25T11:59:37 IST" duration-ms="4231" status="PASS">
          <reporter-output>
          </reporter-output>
        </test-method> <!-- navigate_to_homepage_click_on_getstarted -->
        <test-method signature="enter_userDetails()[pri:2, instance:scs.ManageOperation@3c7f66c4]" started-at="2023-08-25T11:59:37 IST" name="enter_userDetails" finished-at="2023-08-25T11:59:38 IST" duration-ms="502" status="PASS">
          <reporter-output>
          </reporter-output>
        </test-method> <!-- enter_userDetails -->
      </class> <!-- scs.ManageOperation -->
    </test> <!-- Default test -->
  </suite> <!-- Default suite -->
</testng-results>
